2022-08-17 23:27:26,134:INFO:PyCaret Supervised Module
2022-08-17 23:27:26,134:INFO:ML Usecase: classification
2022-08-17 23:27:26,134:INFO:version 2.3.10
2022-08-17 23:27:26,134:INFO:Initializing setup()
2022-08-17 23:27:26,134:INFO:setup(target=DOLocationID, ml_usecase=classification, available_plots={'parameter': 'Hyperparameters', 'auc': 'AUC', 'confusion_matrix': 'Confusion Matrix', 'threshold': 'Threshold', 'pr': 'Precision Recall', 'error': 'Prediction Error', 'class_report': 'Class Report', 'rfe': 'Feature Selection', 'learning': 'Learning Curve', 'manifold': 'Manifold Learning', 'calibration': 'Calibration Curve', 'vc': 'Validation Curve', 'dimension': 'Dimensions', 'feature': 'Feature Importance', 'feature_all': 'Feature Importance (All)', 'boundary': 'Decision Boundary', 'lift': 'Lift Chart', 'gain': 'Gain Chart', 'tree': 'Decision Tree', 'ks': 'KS Statistic Plot'}, train_size=0.7, test_data=None, preprocess=True, imputation_type=simple, iterative_imputation_iters=5, categorical_features=None, categorical_imputation=constant, categorical_iterative_imputer=lightgbm, ordinal_features=None, high_cardinality_features=None, high_cardinality_method=frequency, numeric_features=None, numeric_imputation=mean, numeric_iterative_imputer=lightgbm, date_features=None, ignore_features=None, normalize=False, normalize_method=zscore, transformation=False, transformation_method=yeo-johnson, handle_unknown_categorical=True, unknown_categorical_method=least_frequent, pca=False, pca_method=linear, pca_components=None, ignore_low_variance=False, combine_rare_levels=False, rare_level_threshold=0.1, bin_numeric_features=None, remove_outliers=False, outliers_threshold=0.05, remove_multicollinearity=False, multicollinearity_threshold=0.9, remove_perfect_collinearity=True, create_clusters=False, cluster_iter=20, polynomial_features=False, polynomial_degree=2, trigonometry_features=False, polynomial_threshold=0.1, group_features=None, group_names=None, feature_selection=False, feature_selection_threshold=0.8, feature_selection_method=classic, feature_interaction=False, feature_ratio=False, interaction_threshold=0.01, fix_imbalance=False, fix_imbalance_method=None, transform_target=False, transform_target_method=box-cox, data_split_shuffle=True, data_split_stratify=False, fold_strategy=stratifiedkfold, fold=10, fold_shuffle=False, fold_groups=None, n_jobs=-1, use_gpu=False, custom_pipeline=None, html=True, session_id=None, log_experiment=True, experiment_name=tp_final, experiment_custom_tags=None, log_plots=False, log_profile=False, log_data=False, silent=True, verbose=True, profile=False, profile_kwargs=None, display=None)
2022-08-17 23:27:26,134:INFO:Checking environment
2022-08-17 23:27:26,134:INFO:python_version: 3.8.13
2022-08-17 23:27:26,134:INFO:python_build: ('default', 'Mar 28 2022 11:38:47')
2022-08-17 23:27:26,134:INFO:machine: x86_64
2022-08-17 23:27:26,135:INFO:platform: Linux-5.15.0-46-generic-x86_64-with-glibc2.17
2022-08-17 23:27:26,135:INFO:Memory: svmem(total=24688173056, available=2542366720, percent=89.7, used=19818942464, free=1540694016, active=7511920640, inactive=14451224576, buffers=106754048, cached=3221782528, shared=1924055040, slab=412286976)
2022-08-17 23:27:26,135:INFO:Physical Core: 4
2022-08-17 23:27:26,136:INFO:Logical Core: 8
2022-08-17 23:27:26,136:INFO:Checking libraries
2022-08-17 23:27:26,136:INFO:pd==1.4.2
2022-08-17 23:27:26,136:INFO:numpy==1.19.5
2022-08-17 23:27:26,136:INFO:sklearn==0.23.2
2022-08-17 23:27:26,136:INFO:lightgbm==3.3.2
2022-08-17 23:27:26,136:WARNING:catboost not found
2022-08-17 23:27:26,136:WARNING:xgboost not found
2022-08-17 23:27:26,136:INFO:mlflow==1.27.0
2022-08-17 23:27:26,136:INFO:Checking Exceptions
2022-08-17 23:27:26,136:INFO:Declaring global variables
2022-08-17 23:27:26,136:INFO:USI: 7220
2022-08-17 23:27:26,137:INFO:pycaret_globals: {'imputation_classifier', '_ml_usecase', 'fold_groups_param_full', 'n_jobs_param', 'fix_imbalance_method_param', 'iterative_imputation_iters_param', 'imputation_regressor', 'X', 'target_param', 'stratify_param', 'y', 'transform_target_param', 'USI', '_internal_pipeline', 'fold_shuffle_param', 'data_before_preprocess', 'fold_param', 'create_model_container', 'seed', 'logging_param', 'html_param', 'exp_name_log', 'fold_generator', 'y_train', 'pycaret_globals', '_all_models_internal', 'master_model_container', 'y_test', 'display_container', 'experiment__', 'transform_target_method_param', '_all_models', 'gpu_param', 'dashboard_logger', '_gpu_n_jobs_param', 'prep_pipe', 'X_test', 'log_plots_param', '_available_plots', 'X_train', 'fix_imbalance_param', '_all_metrics', 'fold_groups_param'}
2022-08-17 23:27:26,137:INFO:Preparing display monitor
2022-08-17 23:27:26,137:INFO:Preparing display monitor
2022-08-17 23:27:26,149:INFO:Importing libraries
2022-08-17 23:27:26,149:INFO:Copying data for preprocessing
2022-08-17 23:27:26,194:INFO:Declaring preprocessing parameters
2022-08-17 23:27:26,243:INFO:Creating preprocessing pipeline
2022-08-17 23:27:27,324:INFO:Preprocessing pipeline created successfully
2022-08-17 23:27:27,324:ERROR:(Process Exit): setup has been interupted with user command 'quit'. setup must rerun.
2022-08-17 23:27:27,324:INFO:Creating global containers
2022-08-17 23:27:27,325:INFO:Internal pipeline: Pipeline(memory=None, steps=[('empty_step', 'passthrough')], verbose=False)
2022-08-17 23:27:50,754:WARNING:Couldn't import xgboost.XGBClassifier
2022-08-17 23:27:50,754:WARNING:Couldn't import catboost.CatBoostClassifier
2022-08-17 23:27:50,819:WARNING:Couldn't import xgboost.XGBClassifier
2022-08-17 23:27:50,820:WARNING:Couldn't import catboost.CatBoostClassifier
2022-08-17 23:27:50,820:INFO:Creating grid variables
2022-08-17 23:27:50,861:INFO:Logging experiment in MLFlow
2022-08-17 23:27:51,508:INFO:SubProcess save_model() called ==================================
2022-08-17 23:27:51,518:INFO:Initializing save_model()
2022-08-17 23:27:51,518:INFO:save_model(model=Pipeline(memory=None,
         steps=[('dtypes',
                 DataTypes_Auto_infer(categorical_features=[],
                                      display_types=False, features_todrop=[],
                                      id_columns=[],
                                      ml_usecase='classification',
                                      numerical_features=[],
                                      target='DOLocationID',
                                      time_features=[])),
                ('imputer',
                 Simple_Imputer(categorical_strategy='not_available',
                                fill_value_categorical=None,
                                fill_value_numerical=None,
                                numeri...
                ('scaling', 'passthrough'), ('P_transform', 'passthrough'),
                ('binn', 'passthrough'), ('rem_outliers', 'passthrough'),
                ('cluster_all', 'passthrough'),
                ('dummy', Dummify(target='DOLocationID')),
                ('fix_perfect', Remove_100(target='DOLocationID')),
                ('clean_names', Clean_Colum_Names()),
                ('feature_select', 'passthrough'), ('fix_multi', 'passthrough'),
                ('dfs', 'passthrough'), ('pca', 'passthrough')],
         verbose=False), model_name=Transformation Pipeline, prep_pipe_=Pipeline(memory=None,
         steps=[('dtypes',
                 DataTypes_Auto_infer(categorical_features=[],
                                      display_types=False, features_todrop=[],
                                      id_columns=[],
                                      ml_usecase='classification',
                                      numerical_features=[],
                                      target='DOLocationID',
                                      time_features=[])),
                ('imputer',
                 Simple_Imputer(categorical_strategy='not_available',
                                fill_value_categorical=None,
                                fill_value_numerical=None,
                                numeri...
                ('scaling', 'passthrough'), ('P_transform', 'passthrough'),
                ('binn', 'passthrough'), ('rem_outliers', 'passthrough'),
                ('cluster_all', 'passthrough'),
                ('dummy', Dummify(target='DOLocationID')),
                ('fix_perfect', Remove_100(target='DOLocationID')),
                ('clean_names', Clean_Colum_Names()),
                ('feature_select', 'passthrough'), ('fix_multi', 'passthrough'),
                ('dfs', 'passthrough'), ('pca', 'passthrough')],
         verbose=False), verbose=False, kwargs={})
2022-08-17 23:27:51,518:INFO:Adding model into prep_pipe
2022-08-17 23:27:51,520:WARNING:Only Model saved as it was a pipeline.
2022-08-17 23:27:51,525:INFO:Transformation Pipeline.pkl saved in current working directory
2022-08-17 23:27:51,529:INFO:Pipeline(memory=None,
         steps=[('dtypes',
                 DataTypes_Auto_infer(categorical_features=[],
                                      display_types=False, features_todrop=[],
                                      id_columns=[],
                                      ml_usecase='classification',
                                      numerical_features=[],
                                      target='DOLocationID',
                                      time_features=[])),
                ('imputer',
                 Simple_Imputer(categorical_strategy='not_available',
                                fill_value_categorical=None,
                                fill_value_numerical=None,
                                numeri...
                ('scaling', 'passthrough'), ('P_transform', 'passthrough'),
                ('binn', 'passthrough'), ('rem_outliers', 'passthrough'),
                ('cluster_all', 'passthrough'),
                ('dummy', Dummify(target='DOLocationID')),
                ('fix_perfect', Remove_100(target='DOLocationID')),
                ('clean_names', Clean_Colum_Names()),
                ('feature_select', 'passthrough'), ('fix_multi', 'passthrough'),
                ('dfs', 'passthrough'), ('pca', 'passthrough')],
         verbose=False)
2022-08-17 23:27:51,529:INFO:save_model() successfully completed......................................
2022-08-17 23:27:51,644:INFO:SubProcess save_model() end ==================================
2022-08-17 23:27:51,649:INFO:create_model_container: 0
2022-08-17 23:27:51,649:INFO:master_model_container: 0
2022-08-17 23:27:51,649:INFO:display_container: 1
2022-08-17 23:27:51,654:INFO:Pipeline(memory=None,
         steps=[('dtypes',
                 DataTypes_Auto_infer(categorical_features=[],
                                      display_types=False, features_todrop=[],
                                      id_columns=[],
                                      ml_usecase='classification',
                                      numerical_features=[],
                                      target='DOLocationID',
                                      time_features=[])),
                ('imputer',
                 Simple_Imputer(categorical_strategy='not_available',
                                fill_value_categorical=None,
                                fill_value_numerical=None,
                                numeri...
                ('scaling', 'passthrough'), ('P_transform', 'passthrough'),
                ('binn', 'passthrough'), ('rem_outliers', 'passthrough'),
                ('cluster_all', 'passthrough'),
                ('dummy', Dummify(target='DOLocationID')),
                ('fix_perfect', Remove_100(target='DOLocationID')),
                ('clean_names', Clean_Colum_Names()),
                ('feature_select', 'passthrough'), ('fix_multi', 'passthrough'),
                ('dfs', 'passthrough'), ('pca', 'passthrough')],
         verbose=False)
2022-08-17 23:27:51,654:INFO:setup() succesfully completed......................................
2022-08-17 23:27:59,184:INFO:Initializing compare_models()
2022-08-17 23:27:59,184:INFO:compare_models(include=None, fold=None, round=4, cross_validation=True, sort=Accuracy, n_select=1, budget_time=None, turbo=True, errors=ignore, fit_kwargs=None, groups=None, experiment_custom_tags=None, probability_threshold=None, verbose=True, display=None, exclude=None)
2022-08-17 23:27:59,185:INFO:Checking exceptions
2022-08-17 23:27:59,192:INFO:Preparing display monitor
2022-08-17 23:27:59,192:INFO:Preparing display monitor
2022-08-17 23:27:59,226:INFO:Initializing Logistic Regression
2022-08-17 23:27:59,226:INFO:Total runtime is 5.022684733072917e-06 minutes
2022-08-17 23:27:59,237:INFO:SubProcess create_model() called ==================================
2022-08-17 23:27:59,238:INFO:Initializing create_model()
2022-08-17 23:27:59,238:INFO:create_model(estimator=lr, fold=StratifiedKFold(n_splits=10, random_state=None, shuffle=False), round=4, cross_validation=True, predict=True, fit_kwargs={}, groups=None, refit=False, verbose=False, system=False, metrics=None, experiment_custom_tags=None, add_to_model_list=True, probability_threshold=None, display=<pycaret.internal.Display.Display object at 0x7f08202af0a0>, return_train_score=False, kwargs={})
2022-08-17 23:27:59,238:INFO:Checking exceptions
2022-08-17 23:27:59,238:INFO:Importing libraries
2022-08-17 23:27:59,238:INFO:Copying training dataset
2022-08-17 23:27:59,266:INFO:Defining folds
2022-08-17 23:27:59,266:INFO:Declaring metric variables
2022-08-17 23:27:59,275:INFO:Importing untrained model
2022-08-17 23:27:59,284:INFO:Logistic Regression Imported succesfully
2022-08-17 23:27:59,303:INFO:Starting cross validation
2022-08-17 23:27:59,304:INFO:Cross validating with StratifiedKFold(n_splits=10, random_state=None, shuffle=False), n_jobs=-1
2022-08-18 00:04:20,592:INFO:Calculating mean and std
2022-08-18 00:04:20,598:INFO:Creating metrics dataframe
2022-08-18 00:04:20,761:INFO:Uploading results into container
2022-08-18 00:04:20,762:INFO:Uploading model into container now
2022-08-18 00:04:20,762:INFO:create_model_container: 1
2022-08-18 00:04:20,762:INFO:master_model_container: 1
2022-08-18 00:04:20,763:INFO:display_container: 2
2022-08-18 00:04:20,764:INFO:LogisticRegression(C=1.0, class_weight=None, dual=False, fit_intercept=True,
                   intercept_scaling=1, l1_ratio=None, max_iter=1000,
                   multi_class='auto', n_jobs=None, penalty='l2',
                   random_state=1544, solver='lbfgs', tol=0.0001, verbose=0,
                   warm_start=False)
2022-08-18 00:04:20,764:INFO:create_model() succesfully completed......................................
2022-08-18 00:04:20,907:INFO:SubProcess create_model() end ==================================
2022-08-18 00:04:20,908:INFO:Creating metrics dataframe
2022-08-18 00:04:20,974:INFO:Initializing K Neighbors Classifier
2022-08-18 00:04:20,974:INFO:Total runtime is 36.36246848901113 minutes
2022-08-18 00:04:20,984:INFO:SubProcess create_model() called ==================================
2022-08-18 00:04:20,984:INFO:Initializing create_model()
2022-08-18 00:04:20,984:INFO:create_model(estimator=knn, fold=StratifiedKFold(n_splits=10, random_state=None, shuffle=False), round=4, cross_validation=True, predict=True, fit_kwargs={}, groups=None, refit=False, verbose=False, system=False, metrics=None, experiment_custom_tags=None, add_to_model_list=True, probability_threshold=None, display=<pycaret.internal.Display.Display object at 0x7f08202af0a0>, return_train_score=False, kwargs={})
2022-08-18 00:04:20,985:INFO:Checking exceptions
2022-08-18 00:04:20,985:INFO:Importing libraries
2022-08-18 00:04:21,015:INFO:Copying training dataset
2022-08-18 00:04:21,044:INFO:Defining folds
2022-08-18 00:04:21,045:INFO:Declaring metric variables
2022-08-18 00:04:21,050:INFO:Importing untrained model
2022-08-18 00:04:21,056:INFO:K Neighbors Classifier Imported succesfully
2022-08-18 00:04:21,068:INFO:Starting cross validation
2022-08-18 00:04:21,069:INFO:Cross validating with StratifiedKFold(n_splits=10, random_state=None, shuffle=False), n_jobs=-1
2022-08-18 00:05:40,742:INFO:Calculating mean and std
2022-08-18 00:05:40,745:INFO:Creating metrics dataframe
2022-08-18 00:05:40,765:INFO:Uploading results into container
2022-08-18 00:05:40,765:INFO:Uploading model into container now
2022-08-18 00:05:40,765:INFO:create_model_container: 2
2022-08-18 00:05:40,765:INFO:master_model_container: 2
2022-08-18 00:05:40,765:INFO:display_container: 2
2022-08-18 00:05:40,765:INFO:KNeighborsClassifier(algorithm='auto', leaf_size=30, metric='minkowski',
                     metric_params=None, n_jobs=-1, n_neighbors=5, p=2,
                     weights='uniform')
2022-08-18 00:05:40,765:INFO:create_model() succesfully completed......................................
2022-08-18 00:05:40,891:INFO:SubProcess create_model() end ==================================
2022-08-18 00:05:40,891:INFO:Creating metrics dataframe
2022-08-18 00:05:40,917:INFO:Initializing Naive Bayes
2022-08-18 00:05:40,918:INFO:Total runtime is 37.69485878944397 minutes
2022-08-18 00:05:40,926:INFO:SubProcess create_model() called ==================================
2022-08-18 00:05:40,926:INFO:Initializing create_model()
2022-08-18 00:05:40,926:INFO:create_model(estimator=nb, fold=StratifiedKFold(n_splits=10, random_state=None, shuffle=False), round=4, cross_validation=True, predict=True, fit_kwargs={}, groups=None, refit=False, verbose=False, system=False, metrics=None, experiment_custom_tags=None, add_to_model_list=True, probability_threshold=None, display=<pycaret.internal.Display.Display object at 0x7f08202af0a0>, return_train_score=False, kwargs={})
2022-08-18 00:05:40,926:INFO:Checking exceptions
2022-08-18 00:05:40,926:INFO:Importing libraries
2022-08-18 00:05:40,927:INFO:Copying training dataset
2022-08-18 00:05:40,947:INFO:Defining folds
2022-08-18 00:05:40,948:INFO:Declaring metric variables
2022-08-18 00:05:40,954:INFO:Importing untrained model
2022-08-18 00:05:40,960:INFO:Naive Bayes Imported succesfully
2022-08-18 00:05:40,974:INFO:Starting cross validation
2022-08-18 00:05:40,975:INFO:Cross validating with StratifiedKFold(n_splits=10, random_state=None, shuffle=False), n_jobs=-1
2022-08-18 00:05:45,635:INFO:Calculating mean and std
2022-08-18 00:05:45,638:INFO:Creating metrics dataframe
2022-08-18 00:05:45,667:INFO:Uploading results into container
2022-08-18 00:05:45,667:INFO:Uploading model into container now
2022-08-18 00:05:45,667:INFO:create_model_container: 3
2022-08-18 00:05:45,667:INFO:master_model_container: 3
2022-08-18 00:05:45,667:INFO:display_container: 2
2022-08-18 00:05:45,667:INFO:GaussianNB(priors=None, var_smoothing=1e-09)
2022-08-18 00:05:45,667:INFO:create_model() succesfully completed......................................
2022-08-18 00:05:45,785:INFO:SubProcess create_model() end ==================================
2022-08-18 00:05:45,785:INFO:Creating metrics dataframe
2022-08-18 00:05:45,812:INFO:Initializing Decision Tree Classifier
2022-08-18 00:05:45,812:INFO:Total runtime is 37.77643748919169 minutes
2022-08-18 00:05:45,822:INFO:SubProcess create_model() called ==================================
2022-08-18 00:05:45,823:INFO:Initializing create_model()
2022-08-18 00:05:45,823:INFO:create_model(estimator=dt, fold=StratifiedKFold(n_splits=10, random_state=None, shuffle=False), round=4, cross_validation=True, predict=True, fit_kwargs={}, groups=None, refit=False, verbose=False, system=False, metrics=None, experiment_custom_tags=None, add_to_model_list=True, probability_threshold=None, display=<pycaret.internal.Display.Display object at 0x7f08202af0a0>, return_train_score=False, kwargs={})
2022-08-18 00:05:45,823:INFO:Checking exceptions
2022-08-18 00:05:45,823:INFO:Importing libraries
2022-08-18 00:05:45,823:INFO:Copying training dataset
2022-08-18 00:05:45,844:INFO:Defining folds
2022-08-18 00:05:45,844:INFO:Declaring metric variables
2022-08-18 00:05:45,852:INFO:Importing untrained model
2022-08-18 00:05:45,861:INFO:Decision Tree Classifier Imported succesfully
2022-08-18 00:05:45,879:INFO:Starting cross validation
2022-08-18 00:05:45,880:INFO:Cross validating with StratifiedKFold(n_splits=10, random_state=None, shuffle=False), n_jobs=-1
2022-08-18 00:06:09,041:INFO:Calculating mean and std
2022-08-18 00:06:09,044:INFO:Creating metrics dataframe
2022-08-18 00:06:09,058:INFO:Uploading results into container
2022-08-18 00:06:09,058:INFO:Uploading model into container now
2022-08-18 00:06:09,058:INFO:create_model_container: 4
2022-08-18 00:06:09,058:INFO:master_model_container: 4
2022-08-18 00:06:09,058:INFO:display_container: 2
2022-08-18 00:06:09,059:INFO:DecisionTreeClassifier(ccp_alpha=0.0, class_weight=None, criterion='gini',
                       max_depth=None, max_features=None, max_leaf_nodes=None,
                       min_impurity_decrease=0.0, min_impurity_split=None,
                       min_samples_leaf=1, min_samples_split=2,
                       min_weight_fraction_leaf=0.0, presort='deprecated',
                       random_state=1544, splitter='best')
2022-08-18 00:06:09,059:INFO:create_model() succesfully completed......................................
2022-08-18 00:06:09,174:INFO:SubProcess create_model() end ==================================
2022-08-18 00:06:09,174:INFO:Creating metrics dataframe
2022-08-18 00:06:09,200:INFO:Initializing SVM - Linear Kernel
2022-08-18 00:06:09,200:INFO:Total runtime is 38.166241089502975 minutes
2022-08-18 00:06:09,208:INFO:SubProcess create_model() called ==================================
2022-08-18 00:06:09,209:INFO:Initializing create_model()
2022-08-18 00:06:09,209:INFO:create_model(estimator=svm, fold=StratifiedKFold(n_splits=10, random_state=None, shuffle=False), round=4, cross_validation=True, predict=True, fit_kwargs={}, groups=None, refit=False, verbose=False, system=False, metrics=None, experiment_custom_tags=None, add_to_model_list=True, probability_threshold=None, display=<pycaret.internal.Display.Display object at 0x7f08202af0a0>, return_train_score=False, kwargs={})
2022-08-18 00:06:09,209:INFO:Checking exceptions
2022-08-18 00:06:09,209:INFO:Importing libraries
2022-08-18 00:06:09,209:INFO:Copying training dataset
2022-08-18 00:06:09,228:INFO:Defining folds
2022-08-18 00:06:09,229:INFO:Declaring metric variables
2022-08-18 00:06:09,235:INFO:Importing untrained model
2022-08-18 00:06:09,241:INFO:SVM - Linear Kernel Imported succesfully
2022-08-18 00:06:09,254:INFO:Starting cross validation
2022-08-18 00:06:09,254:INFO:Cross validating with StratifiedKFold(n_splits=10, random_state=None, shuffle=False), n_jobs=-1
2022-08-18 00:11:50,754:INFO:Calculating mean and std
2022-08-18 00:11:50,758:INFO:Creating metrics dataframe
2022-08-18 00:11:50,794:INFO:Uploading results into container
2022-08-18 00:11:50,794:INFO:Uploading model into container now
2022-08-18 00:11:50,794:INFO:create_model_container: 5
2022-08-18 00:11:50,794:INFO:master_model_container: 5
2022-08-18 00:11:50,794:INFO:display_container: 2
2022-08-18 00:11:50,795:INFO:SGDClassifier(alpha=0.0001, average=False, class_weight=None,
              early_stopping=False, epsilon=0.1, eta0=0.001, fit_intercept=True,
              l1_ratio=0.15, learning_rate='optimal', loss='hinge',
              max_iter=1000, n_iter_no_change=5, n_jobs=-1, penalty='l2',
              power_t=0.5, random_state=1544, shuffle=True, tol=0.001,
              validation_fraction=0.1, verbose=0, warm_start=False)
2022-08-18 00:11:50,795:INFO:create_model() succesfully completed......................................
2022-08-18 00:11:50,914:INFO:SubProcess create_model() end ==================================
2022-08-18 00:11:50,915:INFO:Creating metrics dataframe
2022-08-18 00:11:50,943:INFO:Initializing Ridge Classifier
2022-08-18 00:11:50,943:INFO:Total runtime is 43.861943829059605 minutes
2022-08-18 00:11:50,950:INFO:SubProcess create_model() called ==================================
2022-08-18 00:11:50,951:INFO:Initializing create_model()
2022-08-18 00:11:50,951:INFO:create_model(estimator=ridge, fold=StratifiedKFold(n_splits=10, random_state=None, shuffle=False), round=4, cross_validation=True, predict=True, fit_kwargs={}, groups=None, refit=False, verbose=False, system=False, metrics=None, experiment_custom_tags=None, add_to_model_list=True, probability_threshold=None, display=<pycaret.internal.Display.Display object at 0x7f08202af0a0>, return_train_score=False, kwargs={})
2022-08-18 00:11:50,951:INFO:Checking exceptions
2022-08-18 00:11:50,951:INFO:Importing libraries
2022-08-18 00:11:50,951:INFO:Copying training dataset
2022-08-18 00:11:50,971:INFO:Defining folds
2022-08-18 00:11:50,971:INFO:Declaring metric variables
2022-08-18 00:11:50,977:INFO:Importing untrained model
2022-08-18 00:11:50,983:INFO:Ridge Classifier Imported succesfully
2022-08-18 00:11:50,995:INFO:Starting cross validation
2022-08-18 00:11:50,995:INFO:Cross validating with StratifiedKFold(n_splits=10, random_state=None, shuffle=False), n_jobs=-1
2022-08-18 00:11:54,297:INFO:Calculating mean and std
2022-08-18 00:11:54,301:INFO:Creating metrics dataframe
2022-08-18 00:11:54,356:INFO:Uploading results into container
2022-08-18 00:11:54,356:INFO:Uploading model into container now
2022-08-18 00:11:54,356:INFO:create_model_container: 6
2022-08-18 00:11:54,357:INFO:master_model_container: 6
2022-08-18 00:11:54,357:INFO:display_container: 2
2022-08-18 00:11:54,358:INFO:RidgeClassifier(alpha=1.0, class_weight=None, copy_X=True, fit_intercept=True,
                max_iter=None, normalize=False, random_state=1544,
                solver='auto', tol=0.001)
2022-08-18 00:11:54,358:INFO:create_model() succesfully completed......................................
2022-08-18 00:11:54,508:INFO:SubProcess create_model() end ==================================
2022-08-18 00:11:54,508:INFO:Creating metrics dataframe
2022-08-18 00:11:54,537:INFO:Initializing Random Forest Classifier
2022-08-18 00:11:54,537:INFO:Total runtime is 43.92185440063477 minutes
2022-08-18 00:11:54,546:INFO:SubProcess create_model() called ==================================
2022-08-18 00:11:54,547:INFO:Initializing create_model()
2022-08-18 00:11:54,547:INFO:create_model(estimator=rf, fold=StratifiedKFold(n_splits=10, random_state=None, shuffle=False), round=4, cross_validation=True, predict=True, fit_kwargs={}, groups=None, refit=False, verbose=False, system=False, metrics=None, experiment_custom_tags=None, add_to_model_list=True, probability_threshold=None, display=<pycaret.internal.Display.Display object at 0x7f08202af0a0>, return_train_score=False, kwargs={})
2022-08-18 00:11:54,547:INFO:Checking exceptions
2022-08-18 00:11:54,547:INFO:Importing libraries
2022-08-18 00:11:54,547:INFO:Copying training dataset
2022-08-18 00:11:54,567:INFO:Defining folds
2022-08-18 00:11:54,567:INFO:Declaring metric variables
2022-08-18 00:11:54,573:INFO:Importing untrained model
2022-08-18 00:11:54,580:INFO:Random Forest Classifier Imported succesfully
2022-08-18 00:11:54,596:INFO:Starting cross validation
2022-08-18 00:11:54,597:INFO:Cross validating with StratifiedKFold(n_splits=10, random_state=None, shuffle=False), n_jobs=-1
